# JRE version: OpenJDK Runtime Environment Temurin-21.0.9+10 (21.0.9+10) (build 21.0.9+10-LTS)
# Java VM: OpenJDK 64-Bit Server VM Temurin-21.0.9+10 (21.0.9+10-LTS, mixed mode, sharing, tiered, compressed oops, compressed class ptrs, parallel gc, windows-amd64)
GC Precious Log:
 CardTable entry size: 512
 CPUs: 8 total, 8 available
 Memory: 8006M
 Large Page Support: Disabled
 NUMA Support: Disabled
 Compressed Oops: Enabled (32-bit)
 Alignments: Space 512K, Generation 512K, Heap 2M
 Heap Min Capacity: 100M
 Heap Initial Capacity: 100M
 Heap Max Capacity: 2G
 Pre-touch: Disabled
 Parallel Workers: 8
Heap:
 PSYoungGen      total 3584K, used 3329K [0x00000000d5580000, 0x00000000d5a00000, 0x0000000100000000)
  eden space 2560K, 94% used [0x00000000d5580000,0x00000000d57dbf30,0x00000000d5800000)
  from space 1024K, 89% used [0x00000000d5800000,0x00000000d58e4618,0x00000000d5900000)
  to   space 1024K, 0% used [0x00000000d5900000,0x00000000d5900000,0x00000000d5a00000)
 ParOldGen       total 740352K, used 739889K [0x0000000080000000, 0x00000000ad300000, 0x00000000d5580000)
  object space 740352K, 99% used [0x0000000080000000,0x00000000ad28c680,0x00000000ad300000)
 Metaspace       used 81819K, committed 83520K, reserved 1179648K
  class space    used 8144K, committed 8896K, reserved 1048576K
GC Heap History (20 events):
Event: 801.348 GC heap before
{Heap before GC invocations=1564 (full 6):
 PSYoungGen      total 3584K, used 3200K [0x00000000d5580000, 0x00000000d5c00000, 0x0000000100000000)
  eden space 2560K, 100% used [0x00000000d5580000,0x00000000d5800000,0x00000000d5800000)
  from space 1024K, 62% used [0x00000000d5800000,0x00000000d58a0000,0x00000000d5900000)
  to   space 1536K, 0% used [0x00000000d5a80000,0x00000000d5a80000,0x00000000d5c00000)
 ParOldGen       total 673792K, used 673610K [0x0000000080000000, 0x00000000a9200000, 0x00000000d5580000)
  object space 673792K, 99% used [0x0000000080000000,0x00000000a91d29a8,0x00000000a9200000)
 Metaspace       used 81809K, committed 83520K, reserved 1179648K
  class space    used 8144K, committed 8896K, reserved 1048576K
}
Event: 801.352 GC heap after
{Heap after GC invocations=1564 (full 6):
 PSYoungGen      total 3584K, used 736K [0x00000000d5580000, 0x00000000d5b80000, 0x0000000100000000)
  eden space 2560K, 0% used [0x00000000d5580000,0x00000000d5580000,0x00000000d5800000)
  from space 1024K, 71% used [0x00000000d5a80000,0x00000000d5b38000,0x00000000d5b80000)
  to   space 1024K, 0% used [0x00000000d5800000,0x00000000d5800000,0x00000000d5900000)
 ParOldGen       total 674304K, used 674113K [0x0000000080000000, 0x00000000a9280000, 0x00000000d5580000)
  object space 674304K, 99% used [0x0000000080000000,0x00000000a9250440,0x00000000a9280000)
 Metaspace       used 81809K, committed 83520K, reserved 1179648K
  class space    used 8144K, committed 8896K, reserved 1048576K
}
Event: 801.715 GC heap before
{Heap before GC invocations=1565 (full 6):
 PSYoungGen      total 3584K, used 3295K [0x00000000d5580000, 0x00000000d5b80000, 0x0000000100000000)
  eden space 2560K, 99% used [0x00000000d5580000,0x00000000d57fffe8,0x00000000d5800000)
  from space 1024K, 71% used [0x00000000d5a80000,0x00000000d5b38000,0x00000000d5b80000)
  to   space 1024K, 0% used [0x00000000d5800000,0x00000000d5800000,0x00000000d5900000)
 ParOldGen       total 737792K, used 735553K [0x0000000080000000, 0x00000000ad080000, 0x00000000d5580000)
  object space 737792K, 99% used [0x0000000080000000,0x00000000ace504a0,0x00000000ad080000)
 Metaspace       used 81809K, committed 83520K, reserved 1179648K
  class space    used 8144K, committed 8896K, reserved 1048576K
}
Event: 801.721 GC heap after
{Heap after GC invocations=1565 (full 6):
 PSYoungGen      total 3584K, used 464K [0x00000000d5580000, 0x00000000d5b00000, 0x0000000100000000)
  eden space 2560K, 0% used [0x00000000d5580000,0x00000000d5580000,0x00000000d5800000)
  from space 1024K, 45% used [0x00000000d5800000,0x00000000d5874010,0x00000000d5900000)
  to   space 1024K, 0% used [0x00000000d5a00000,0x00000000d5a00000,0x00000000d5b00000)
 ParOldGen       total 737792K, used 736145K [0x0000000080000000, 0x00000000ad080000, 0x00000000d5580000)
  object space 737792K, 99% used [0x0000000080000000,0x00000000acee47d8,0x00000000ad080000)
 Metaspace       used 81809K, committed 83520K, reserved 1179648K
  class space    used 8144K, committed 8896K, reserved 1048576K
}
Event: 802.276 GC heap before
{Heap before GC invocations=1566 (full 6):
 PSYoungGen      total 3584K, used 3024K [0x00000000d5580000, 0x00000000d5b00000, 0x0000000100000000)
  eden space 2560K, 100% used [0x00000000d5580000,0x00000000d5800000,0x00000000d5800000)
  from space 1024K, 45% used [0x00000000d5800000,0x00000000d5874010,0x00000000d5900000)
  to   space 1024K, 0% used [0x00000000d5a00000,0x00000000d5a00000,0x00000000d5b00000)
 ParOldGen       total 737792K, used 736145K [0x0000000080000000, 0x00000000ad080000, 0x00000000d5580000)
  object space 737792K, 99% used [0x0000000080000000,0x00000000acee47d8,0x00000000ad080000)
 Metaspace       used 81809K, committed 83520K, reserved 1179648K
  class space    used 8144K, committed 8896K, reserved 1048576K
}
Event: 802.281 GC heap after
{Heap after GC invocations=1566 (full 6):
 PSYoungGen      total 3072K, used 311K [0x00000000d5580000, 0x00000000d5a80000, 0x0000000100000000)
  eden space 2560K, 0% used [0x00000000d5580000,0x00000000d5580000,0x00000000d5800000)
  from space 512K, 60% used [0x00000000d5a00000,0x00000000d5a4dff8,0x00000000d5a80000)
  to   space 512K, 0% used [0x00000000d5980000,0x00000000d5980000,0x00000000d5a00000)
 ParOldGen       total 737792K, used 736414K [0x0000000080000000, 0x00000000ad080000, 0x00000000d5580000)
  object space 737792K, 99% used [0x0000000080000000,0x00000000acf279f0,0x00000000ad080000)
 Metaspace       used 81809K, committed 83520K, reserved 1179648K
  class space    used 8144K, committed 8896K, reserved 1048576K
}
Event: 804.386 GC heap before
{Heap before GC invocations=1567 (full 6):
 PSYoungGen      total 3072K, used 2871K [0x00000000d5580000, 0x00000000d5a80000, 0x0000000100000000)
  eden space 2560K, 100% used [0x00000000d5580000,0x00000000d5800000,0x00000000d5800000)
  from space 512K, 60% used [0x00000000d5a00000,0x00000000d5a4dff8,0x00000000d5a80000)
  to   space 512K, 0% used [0x00000000d5980000,0x00000000d5980000,0x00000000d5a00000)
 ParOldGen       total 737792K, used 736414K [0x0000000080000000, 0x00000000ad080000, 0x00000000d5580000)
  object space 737792K, 99% used [0x0000000080000000,0x00000000acf279f0,0x00000000ad080000)
 Metaspace       used 81812K, committed 83520K, reserved 1179648K
  class space    used 8144K, committed 8896K, reserved 1048576K
}
Event: 804.389 GC heap after
{Heap after GC invocations=1567 (full 6):
 PSYoungGen      total 3072K, used 484K [0x00000000d5580000, 0x00000000d5a80000, 0x0000000100000000)
  eden space 2560K, 0% used [0x00000000d5580000,0x00000000d5580000,0x00000000d5800000)
  from space 512K, 94% used [0x00000000d5980000,0x00000000d59f9210,0x00000000d5a00000)
  to   space 512K, 0% used [0x00000000d5a00000,0x00000000d5a00000,0x00000000d5a80000)
 ParOldGen       total 737792K, used 736490K [0x0000000080000000, 0x00000000ad080000, 0x00000000d5580000)
  object space 737792K, 99% used [0x0000000080000000,0x00000000acf3a9f8,0x00000000ad080000)
 Metaspace       used 81812K, committed 83520K, reserved 1179648K
  class space    used 8144K, committed 8896K, reserved 1048576K
}
Event: 804.411 GC heap before
{Heap before GC invocations=1568 (full 6):
 PSYoungGen      total 3072K, used 3044K [0x00000000d5580000, 0x00000000d5a80000, 0x0000000100000000)
  eden space 2560K, 100% used [0x00000000d5580000,0x00000000d5800000,0x00000000d5800000)
  from space 512K, 94% used [0x00000000d5980000,0x00000000d59f9210,0x00000000d5a00000)
  to   space 512K, 0% used [0x00000000d5a00000,0x00000000d5a00000,0x00000000d5a80000)
 ParOldGen       total 737792K, used 736490K [0x0000000080000000, 0x00000000ad080000, 0x00000000d5580000)
  object space 737792K, 99% used [0x0000000080000000,0x00000000acf3a9f8,0x00000000ad080000)
 Metaspace       used 81812K, committed 83520K, reserved 1179648K
  class space    used 8144K, committed 8896K, reserved 1048576K
}
Event: 804.415 GC heap after
{Heap after GC invocations=1568 (full 6):
 PSYoungGen      total 3072K, used 496K [0x00000000d5580000, 0x00000000d5b00000, 0x0000000100000000)
  eden space 2560K, 0% used [0x00000000d5580000,0x00000000d5580000,0x00000000d5800000)
  from space 512K, 96% used [0x00000000d5a00000,0x00000000d5a7c010,0x00000000d5a80000)
  to   space 1536K, 0% used [0x00000000d5800000,0x00000000d5800000,0x00000000d5980000)
 ParOldGen       total 737792K, used 737095K [0x0000000080000000, 0x00000000ad080000, 0x00000000d5580000)
  object space 737792K, 99% used [0x0000000080000000,0x00000000acfd1ef0,0x00000000ad080000)
 Metaspace       used 81812K, committed 83520K, reserved 1179648K
  class space    used 8144K, committed 8896K, reserved 1048576K
}
Event: 804.444 GC heap before
{Heap before GC invocations=1569 (full 6):
 PSYoungGen      total 3072K, used 3056K [0x00000000d5580000, 0x00000000d5b00000, 0x0000000100000000)
  eden space 2560K, 100% used [0x00000000d5580000,0x00000000d5800000,0x00000000d5800000)
  from space 512K, 96% used [0x00000000d5a00000,0x00000000d5a7c010,0x00000000d5a80000)
  to   space 1536K, 0% used [0x00000000d5800000,0x00000000d5800000,0x00000000d5980000)
 ParOldGen       total 737792K, used 737095K [0x0000000080000000, 0x00000000ad080000, 0x00000000d5580000)
  object space 737792K, 99% used [0x0000000080000000,0x00000000acfd1ef0,0x00000000ad080000)
 Metaspace       used 81812K, committed 83520K, reserved 1179648K
  class space    used 8144K, committed 8896K, reserved 1048576K
}
Event: 804.448 GC heap after
{Heap after GC invocations=1569 (full 6):
 PSYoungGen      total 4096K, used 864K [0x00000000d5580000, 0x00000000d5a80000, 0x0000000100000000)
  eden space 2560K, 0% used [0x00000000d5580000,0x00000000d5580000,0x00000000d5800000)
  from space 1536K, 56% used [0x00000000d5800000,0x00000000d58d8000,0x00000000d5980000)
  to   space 1024K, 0% used [0x00000000d5980000,0x00000000d5980000,0x00000000d5a80000)
 ParOldGen       total 737792K, used 737580K [0x0000000080000000, 0x00000000ad080000, 0x00000000d5580000)
  object space 737792K, 99% used [0x0000000080000000,0x00000000ad04b1b0,0x00000000ad080000)
 Metaspace       used 81812K, committed 83520K, reserved 1179648K
  class space    used 8144K, committed 8896K, reserved 1048576K
}
Event: 804.475 GC heap before
{Heap before GC invocations=1570 (full 6):
 PSYoungGen      total 4096K, used 3424K [0x00000000d5580000, 0x00000000d5a80000, 0x0000000100000000)
  eden space 2560K, 100% used [0x00000000d5580000,0x00000000d5800000,0x00000000d5800000)
  from space 1536K, 56% used [0x00000000d5800000,0x00000000d58d8000,0x00000000d5980000)
  to   space 1024K, 0% used [0x00000000d5980000,0x00000000d5980000,0x00000000d5a80000)
 ParOldGen       total 737792K, used 737580K [0x0000000080000000, 0x00000000ad080000, 0x00000000d5580000)
  object space 737792K, 99% used [0x0000000080000000,0x00000000ad04b1b0,0x00000000ad080000)
 Metaspace       used 81816K, committed 83520K, reserved 1179648K
  class space    used 8144K, committed 8896K, reserved 1048576K
}
Event: 804.480 GC heap after
{Heap after GC invocations=1570 (full 6):
 PSYoungGen      total 3584K, used 576K [0x00000000d5580000, 0x00000000d5a80000, 0x0000000100000000)
  eden space 2560K, 0% used [0x00000000d5580000,0x00000000d5580000,0x00000000d5800000)
  from space 1024K, 56% used [0x00000000d5980000,0x00000000d5a10000,0x00000000d5a80000)
  to   space 1024K, 0% used [0x00000000d5880000,0x00000000d5880000,0x00000000d5980000)
 ParOldGen       total 738304K, used 738276K [0x0000000080000000, 0x00000000ad100000, 0x00000000d5580000)
  object space 738304K, 99% used [0x0000000080000000,0x00000000ad0f91b0,0x00000000ad100000)
 Metaspace       used 81816K, committed 83520K, reserved 1179648K
  class space    used 8144K, committed 8896K, reserved 1048576K
}
Event: 804.491 GC heap before
{Heap before GC invocations=1571 (full 6):
 PSYoungGen      total 3584K, used 3136K [0x00000000d5580000, 0x00000000d5a80000, 0x0000000100000000)
  eden space 2560K, 100% used [0x00000000d5580000,0x00000000d5800000,0x00000000d5800000)
  from space 1024K, 56% used [0x00000000d5980000,0x00000000d5a10000,0x00000000d5a80000)
  to   space 1024K, 0% used [0x00000000d5880000,0x00000000d5880000,0x00000000d5980000)
 ParOldGen       total 738304K, used 738276K [0x0000000080000000, 0x00000000ad100000, 0x00000000d5580000)
  object space 738304K, 99% used [0x0000000080000000,0x00000000ad0f91b0,0x00000000ad100000)
 Metaspace       used 81818K, committed 83520K, reserved 1179648K
  class space    used 8144K, committed 8896K, reserved 1048576K
}
Event: 804.495 GC heap after
{Heap after GC invocations=1571 (full 6):
 PSYoungGen      total 3584K, used 572K [0x00000000d5580000, 0x00000000d5a00000, 0x0000000100000000)
  eden space 2560K, 0% used [0x00000000d5580000,0x00000000d5580000,0x00000000d5800000)
  from space 1024K, 55% used [0x00000000d5880000,0x00000000d590f208,0x00000000d5980000)
  to   space 512K, 0% used [0x00000000d5980000,0x00000000d5980000,0x00000000d5a00000)
 ParOldGen       total 738816K, used 738677K [0x0000000080000000, 0x00000000ad180000, 0x00000000d5580000)
  object space 738816K, 99% used [0x0000000080000000,0x00000000ad15d460,0x00000000ad180000)
 Metaspace       used 81818K, committed 83520K, reserved 1179648K
  class space    used 8144K, committed 8896K, reserved 1048576K
}
Event: 804.511 GC heap before
{Heap before GC invocations=1572 (full 6):
 PSYoungGen      total 3584K, used 3132K [0x00000000d5580000, 0x00000000d5a00000, 0x0000000100000000)
  eden space 2560K, 100% used [0x00000000d5580000,0x00000000d5800000,0x00000000d5800000)
  from space 1024K, 55% used [0x00000000d5880000,0x00000000d590f208,0x00000000d5980000)
  to   space 512K, 0% used [0x00000000d5980000,0x00000000d5980000,0x00000000d5a00000)
 ParOldGen       total 738816K, used 738677K [0x0000000080000000, 0x00000000ad180000, 0x00000000d5580000)
  object space 738816K, 99% used [0x0000000080000000,0x00000000ad15d460,0x00000000ad180000)
 Metaspace       used 81819K, committed 83520K, reserved 1179648K
  class space    used 8144K, committed 8896K, reserved 1048576K
}
Event: 804.516 GC heap after
{Heap after GC invocations=1572 (full 6):
 PSYoungGen      total 3072K, used 512K [0x00000000d5580000, 0x00000000d5b00000, 0x0000000100000000)
  eden space 2560K, 0% used [0x00000000d5580000,0x00000000d5580000,0x00000000d5800000)
  from space 512K, 100% used [0x00000000d5980000,0x00000000d5a00000,0x00000000d5a00000)
  to   space 1536K, 0% used [0x00000000d5800000,0x00000000d5800000,0x00000000d5980000)
 ParOldGen       total 739840K, used 739368K [0x0000000080000000, 0x00000000ad280000, 0x00000000d5580000)
  object space 739840K, 99% used [0x0000000080000000,0x00000000ad20a048,0x00000000ad280000)
 Metaspace       used 81819K, committed 83520K, reserved 1179648K
  class space    used 8144K, committed 8896K, reserved 1048576K
}
Event: 804.542 GC heap before
{Heap before GC invocations=1573 (full 6):
 PSYoungGen      total 3072K, used 3072K [0x00000000d5580000, 0x00000000d5b00000, 0x0000000100000000)
  eden space 2560K, 100% used [0x00000000d5580000,0x00000000d5800000,0x00000000d5800000)
  from space 512K, 100% used [0x00000000d5980000,0x00000000d5a00000,0x00000000d5a00000)
  to   space 1536K, 0% used [0x00000000d5800000,0x00000000d5800000,0x00000000d5980000)
 ParOldGen       total 739840K, used 739368K [0x0000000080000000, 0x00000000ad280000, 0x00000000d5580000)
  object space 739840K, 99% used [0x0000000080000000,0x00000000ad20a048,0x00000000ad280000)
 Metaspace       used 81819K, committed 83520K, reserved 1179648K
  class space    used 8144K, committed 8896K, reserved 1048576K
}
Event: 804.546 GC heap after
{Heap after GC invocations=1573 (full 6):
 PSYoungGen      total 3584K, used 913K [0x00000000d5580000, 0x00000000d5a00000, 0x0000000100000000)
  eden space 2560K, 0% used [0x00000000d5580000,0x00000000d5580000,0x00000000d5800000)
  from space 1024K, 89% used [0x00000000d5800000,0x00000000d58e4618,0x00000000d5900000)
  to   space 1024K, 0% used [0x00000000d5900000,0x00000000d5900000,0x00000000d5a00000)
 ParOldGen       total 740352K, used 739889K [0x0000000080000000, 0x00000000ad300000, 0x00000000d5580000)
  object space 740352K, 99% used [0x0000000080000000,0x00000000ad28c680,0x00000000ad300000)
 Metaspace       used 81819K, committed 83520K, reserved 1179648K
  class space    used 8144K, committed 8896K, reserved 1048576K
}

