# JRE version: OpenJDK Runtime Environment Temurin-21.0.1+12 (21.0.1+12) (build 21.0.1+12-LTS)
# Java VM: OpenJDK 64-Bit Server VM Temurin-21.0.1+12 (21.0.1+12-LTS, mixed mode, sharing, tiered, compressed oops, compressed class ptrs, g1 gc, windows-amd64)
GC Precious Log:
 CardTable entry size: 512
 Card Set container configuration: InlinePtr #cards 5 size 8 Array Of Cards #cards 12 size 40 Howl #buckets 4 coarsen threshold 1843 Howl Bitmap #cards 512 size 80 coarsen threshold 460 Card regions per heap region 1 cards per card region 2048
 CPUs: 8 total, 8 available
 Memory: 8006M
 Large Page Support: Disabled
 NUMA Support: Disabled
 Compressed Oops: Enabled (32-bit)
 Heap Region Size: 1M
 Heap Min Capacity: 8M
 Heap Initial Capacity: 126M
 Heap Max Capacity: 2002M
 Pre-touch: Disabled
 Parallel Workers: 8
 Concurrent Workers: 2
 Concurrent Refinement Workers: 8
 Periodic GC: Disabled
Heap:
 garbage-first heap   total 118784K, used 78848K [0x0000000082e00000, 0x0000000100000000)
  region size 1024K, 27 young (27648K), 2 survivors (2048K)
 Metaspace       used 30229K, committed 30656K, reserved 1114112K
  class space    used 3320K, committed 3520K, reserved 1048576K
GC Heap History (16 events):
Event: 1.259 GC heap before
{Heap before GC invocations=0 (full 0):
 garbage-first heap   total 129024K, used 22528K [0x0000000082e00000, 0x0000000100000000)
  region size 1024K, 23 young (23552K), 0 survivors (0K)
 Metaspace       used 5660K, committed 5888K, reserved 1114112K
  class space    used 662K, committed 768K, reserved 1048576K
}
Event: 1.270 GC heap after
{Heap after GC invocations=1 (full 0):
 garbage-first heap   total 129024K, used 3735K [0x0000000082e00000, 0x0000000100000000)
  region size 1024K, 3 young (3072K), 3 survivors (3072K)
 Metaspace       used 5660K, committed 5888K, reserved 1114112K
  class space    used 662K, committed 768K, reserved 1048576K
}
Event: 2.561 GC heap before
{Heap before GC invocations=1 (full 0):
 garbage-first heap   total 129024K, used 34455K [0x0000000082e00000, 0x0000000100000000)
  region size 1024K, 33 young (33792K), 3 survivors (3072K)
 Metaspace       used 9576K, committed 9728K, reserved 1114112K
  class space    used 1139K, committed 1216K, reserved 1048576K
}
Event: 2.571 GC heap after
{Heap after GC invocations=2 (full 0):
 garbage-first heap   total 129024K, used 5415K [0x0000000082e00000, 0x0000000100000000)
  region size 1024K, 2 young (2048K), 2 survivors (2048K)
 Metaspace       used 9576K, committed 9728K, reserved 1114112K
  class space    used 1139K, committed 1216K, reserved 1048576K
}
Event: 6.892 GC heap before
{Heap before GC invocations=2 (full 0):
 garbage-first heap   total 129024K, used 80167K [0x0000000082e00000, 0x0000000100000000)
  region size 1024K, 75 young (76800K), 2 survivors (2048K)
 Metaspace       used 16019K, committed 16256K, reserved 1114112K
  class space    used 1872K, committed 1984K, reserved 1048576K
}
Event: 6.920 GC heap after
{Heap after GC invocations=3 (full 0):
 garbage-first heap   total 129024K, used 13522K [0x0000000082e00000, 0x0000000100000000)
  region size 1024K, 10 young (10240K), 10 survivors (10240K)
 Metaspace       used 16019K, committed 16256K, reserved 1114112K
  class space    used 1872K, committed 1984K, reserved 1048576K
}
Event: 10.198 GC heap before
{Heap before GC invocations=3 (full 0):
 garbage-first heap   total 129024K, used 80082K [0x0000000082e00000, 0x0000000100000000)
  region size 1024K, 75 young (76800K), 10 survivors (10240K)
 Metaspace       used 18185K, committed 18560K, reserved 1114112K
  class space    used 2061K, committed 2240K, reserved 1048576K
}
Event: 10.226 GC heap after
{Heap after GC invocations=4 (full 0):
 garbage-first heap   total 129024K, used 17135K [0x0000000082e00000, 0x0000000100000000)
  region size 1024K, 5 young (5120K), 5 survivors (5120K)
 Metaspace       used 18185K, committed 18560K, reserved 1114112K
  class space    used 2061K, committed 2240K, reserved 1048576K
}
Event: 11.542 GC heap before
{Heap before GC invocations=4 (full 0):
 garbage-first heap   total 129024K, used 41711K [0x0000000082e00000, 0x0000000100000000)
  region size 1024K, 26 young (26624K), 5 survivors (5120K)
 Metaspace       used 21228K, committed 21504K, reserved 1114112K
  class space    used 2456K, committed 2560K, reserved 1048576K
}
Event: 11.558 GC heap after
{Heap after GC invocations=5 (full 0):
 garbage-first heap   total 129024K, used 24844K [0x0000000082e00000, 0x0000000100000000)
  region size 1024K, 8 young (8192K), 8 survivors (8192K)
 Metaspace       used 21228K, committed 21504K, reserved 1114112K
  class space    used 2456K, committed 2560K, reserved 1048576K
}
Event: 15.657 GC heap before
{Heap before GC invocations=6 (full 0):
 garbage-first heap   total 89088K, used 88332K [0x0000000082e00000, 0x0000000100000000)
  region size 1024K, 68 young (69632K), 8 survivors (8192K)
 Metaspace       used 26738K, committed 27072K, reserved 1114112K
  class space    used 3030K, committed 3200K, reserved 1048576K
}
Event: 15.736 GC heap after
{Heap after GC invocations=7 (full 0):
 garbage-first heap   total 118784K, used 45836K [0x0000000082e00000, 0x0000000100000000)
  region size 1024K, 10 young (10240K), 10 survivors (10240K)
 Metaspace       used 26738K, committed 27072K, reserved 1114112K
  class space    used 3030K, committed 3200K, reserved 1048576K
}
Event: 19.882 GC heap before
{Heap before GC invocations=7 (full 0):
 garbage-first heap   total 118784K, used 93964K [0x0000000082e00000, 0x0000000100000000)
  region size 1024K, 56 young (57344K), 10 survivors (10240K)
 Metaspace       used 29591K, committed 29952K, reserved 1114112K
  class space    used 3291K, committed 3456K, reserved 1048576K
}
Event: 19.939 GC heap after
{Heap after GC invocations=8 (full 0):
 garbage-first heap   total 118784K, used 52224K [0x0000000082e00000, 0x0000000100000000)
  region size 1024K, 5 young (5120K), 5 survivors (5120K)
 Metaspace       used 29591K, committed 29952K, reserved 1114112K
  class space    used 3291K, committed 3456K, reserved 1048576K
}
Event: 22.054 GC heap before
{Heap before GC invocations=8 (full 0):
 garbage-first heap   total 118784K, used 97280K [0x0000000082e00000, 0x0000000100000000)
  region size 1024K, 49 young (50176K), 5 survivors (5120K)
 Metaspace       used 30147K, committed 30592K, reserved 1114112K
  class space    used 3318K, committed 3520K, reserved 1048576K
}
Event: 22.083 GC heap after
{Heap after GC invocations=9 (full 0):
 garbage-first heap   total 118784K, used 54272K [0x0000000082e00000, 0x0000000100000000)
  region size 1024K, 2 young (2048K), 2 survivors (2048K)
 Metaspace       used 30147K, committed 30592K, reserved 1114112K
  class space    used 3318K, committed 3520K, reserved 1048576K
}

